<?xml version="1.0" encoding="UTF-8"?>
<robot generator="Robot 3.2.2 (Python 3.9.7 on win32)" generated="20210908 13:12:30.323" rpa="false">
<suite id="s1" name="LabellingEbikelabelf" source="C:\cygwin64\home\robot\Tests\LabellingEbikelabelf.robot">
<test id="s1-t1" name="User Login and uploads">
<kw name="Begin Web Test" type="setup">
<kw name="Open Browser" library="SeleniumLibrary">
<doc>Opens a new browser instance to the optional ``url``.</doc>
<arguments>
<arg>about:black</arg>
<arg>${BROWSER}</arg>
</arguments>
<msg timestamp="20210908 13:12:30.701" level="INFO">Opening browser 'chrome' to base url 'about:black'.</msg>
<status status="PASS" starttime="20210908 13:12:30.701" endtime="20210908 13:12:32.777"></status>
</kw>
<kw name="Maximize Browser Window" library="SeleniumLibrary">
<doc>Maximizes current browser window.</doc>
<status status="PASS" starttime="20210908 13:12:32.777" endtime="20210908 13:12:32.936"></status>
</kw>
<kw name="Go To URL">
<kw name="Go To" library="SeleniumLibrary">
<doc>Navigates the current browser window to the provided ``url``.</doc>
<arguments>
<arg>${URL}</arg>
</arguments>
<msg timestamp="20210908 13:12:32.940" level="INFO">Opening url 'https://app.labelf.ai/'</msg>
<status status="PASS" starttime="20210908 13:12:32.939" endtime="20210908 13:12:35.647"></status>
</kw>
<kw name="Verify Page Loaded">
<kw name="Page Should Contain" library="SeleniumLibrary">
<doc>Verifies that current page contains ``text``.</doc>
<arguments>
<arg>Labelf</arg>
</arguments>
<msg timestamp="20210908 13:12:35.674" level="INFO">Current page contains text 'Labelf'.</msg>
<status status="PASS" starttime="20210908 13:12:35.648" endtime="20210908 13:12:35.675"></status>
</kw>
<status status="PASS" starttime="20210908 13:12:35.647" endtime="20210908 13:12:35.675"></status>
</kw>
<status status="PASS" starttime="20210908 13:12:32.937" endtime="20210908 13:12:35.675"></status>
</kw>
<status status="PASS" starttime="20210908 13:12:30.701" endtime="20210908 13:12:35.675"></status>
</kw>
<kw name="When User enters valid email and password">
<kw name="Input Text" library="SeleniumLibrary">
<doc>Types the given ``text`` into the text field identified by ``locator``.</doc>
<arguments>
<arg>xpath://*[@id="app"]/div/main/div/div/div/div/div/div[1]/form/div[1]/div[2]/div[1]/div/input</arg>
<arg>${USERID}</arg>
</arguments>
<msg timestamp="20210908 13:12:35.678" level="INFO">Typing text 'Subhashini.penumatsa@iths.se' into text field 'xpath://*[@id="app"]/div/main/div/div/div/div/div/div[1]/form/div[1]/div[2]/div[1]/div/input'.</msg>
<status status="PASS" starttime="20210908 13:12:35.677" endtime="20210908 13:12:36.478"></status>
</kw>
<kw name="Input Text" library="SeleniumLibrary">
<doc>Types the given ``text`` into the text field identified by ``locator``.</doc>
<arguments>
<arg>xpath://*[@id="password"]</arg>
<arg>${PASSWORD}</arg>
</arguments>
<msg timestamp="20210908 13:12:36.479" level="INFO">Typing text 'test123' into text field 'xpath://*[@id="password"]'.</msg>
<status status="PASS" starttime="20210908 13:12:36.478" endtime="20210908 13:12:36.693"></status>
</kw>
<kw name="Click Button" library="SeleniumLibrary">
<doc>Clicks the button identified by ``locator``.</doc>
<arguments>
<arg>xpath://*[@id="app"]/div/main/div/div/div/div/div/div[2]/button</arg>
</arguments>
<msg timestamp="20210908 13:12:36.694" level="INFO">Clicking button 'xpath://*[@id="app"]/div/main/div/div/div/div/div/div[2]/button'.</msg>
<status status="PASS" starttime="20210908 13:12:36.694" endtime="20210908 13:12:36.821"></status>
</kw>
<kw name="Wait Until Page Does Not Contain" library="SeleniumLibrary">
<doc>Waits until ``text`` disappears from the current page.</doc>
<arguments>
<arg>(login, timeout=None, error=None)</arg>
</arguments>
<status status="PASS" starttime="20210908 13:12:36.821" endtime="20210908 13:12:36.845"></status>
</kw>
<kw name="Set Selenium Speed" library="SeleniumLibrary">
<doc>Sets the delay that is waited after each Selenium command.</doc>
<arguments>
<arg>1</arg>
</arguments>
<status status="PASS" starttime="20210908 13:12:36.845" endtime="20210908 13:12:36.846"></status>
</kw>
<status status="PASS" starttime="20210908 13:12:35.676" endtime="20210908 13:12:36.846"></status>
</kw>
<kw name="Verify Page Loaded">
<kw name="Page Should Contain" library="SeleniumLibrary">
<doc>Verifies that current page contains ``text``.</doc>
<arguments>
<arg>Labelf</arg>
</arguments>
<msg timestamp="20210908 13:12:38.892" level="INFO">Current page contains text 'Labelf'.</msg>
<status status="PASS" starttime="20210908 13:12:36.847" endtime="20210908 13:12:38.893"></status>
</kw>
<status status="PASS" starttime="20210908 13:12:36.847" endtime="20210908 13:12:38.895"></status>
</kw>
<kw name="User adds a new Dataset">
<kw name="Set Selenium Speed" library="SeleniumLibrary">
<doc>Sets the delay that is waited after each Selenium command.</doc>
<arguments>
<arg>1</arg>
</arguments>
<status status="PASS" starttime="20210908 13:12:38.910" endtime="20210908 13:12:38.911"></status>
</kw>
<kw name="Sleep" library="BuiltIn">
<doc>Pauses the test executed for the given time.</doc>
<arguments>
<arg>2s</arg>
</arguments>
<msg timestamp="20210908 13:12:40.914" level="INFO">Slept 2 seconds</msg>
<status status="PASS" starttime="20210908 13:12:38.911" endtime="20210908 13:12:40.914"></status>
</kw>
<kw name="Click Element" library="SeleniumLibrary">
<doc>Click the element identified by ``locator``.</doc>
<arguments>
<arg>xpath://html/body/div[1]/div/div[4]/div[1]/main/div/div/div[1]/a</arg>
</arguments>
<msg timestamp="20210908 13:12:40.914" level="INFO">Clicking element 'xpath://html/body/div[1]/div/div[4]/div[1]/main/div/div/div[1]/a'.</msg>
<status status="PASS" starttime="20210908 13:12:40.914" endtime="20210908 13:12:43.032"></status>
</kw>
<kw name="Page Should Contain" library="SeleniumLibrary">
<doc>Verifies that current page contains ``text``.</doc>
<arguments>
<arg>Add a dataset</arg>
</arguments>
<msg timestamp="20210908 13:12:45.072" level="INFO">Current page contains text 'Add a dataset'.</msg>
<status status="PASS" starttime="20210908 13:12:43.032" endtime="20210908 13:12:45.072"></status>
</kw>
<status status="PASS" starttime="20210908 13:12:38.908" endtime="20210908 13:12:45.073"></status>
</kw>
<kw name="User uploads a dataset">
<kw name="Click Element" library="SeleniumLibrary">
<doc>Click the element identified by ``locator``.</doc>
<arguments>
<arg>xpath://html/body/div[1]/div/div[3]/div/div/div[2]/div/div/div[1]/div/div[2]/button/div</arg>
</arguments>
<msg timestamp="20210908 13:12:45.076" level="INFO">Clicking element 'xpath://html/body/div[1]/div/div[3]/div/div/div[2]/div/div/div[1]/div/div[2]/button/div'.</msg>
<status status="PASS" starttime="20210908 13:12:45.075" endtime="20210908 13:12:47.328"></status>
</kw>
<kw name="Choose File" library="SeleniumLibrary">
<doc>Inputs the ``file_path`` into the file input field ``locator``.</doc>
<arguments>
<arg>//input[@id="fileUpload"]</arg>
<arg>C:/all_1500_rows.csv</arg>
</arguments>
<msg timestamp="20210908 13:12:47.329" level="INFO">Sending C:\all_1500_rows.csv to browser.</msg>
<status status="PASS" starttime="20210908 13:12:47.328" endtime="20210908 13:12:49.461"></status>
</kw>
<kw name="Click Element" library="SeleniumLibrary">
<doc>Click the element identified by ``locator``.</doc>
<arguments>
<arg>xpath://html/body/div[1]/div/div[3]/div/div/div[2]/div/div[2]/div/form/div[2]/button/div</arg>
</arguments>
<msg timestamp="20210908 13:12:49.464" level="INFO">Clicking element 'xpath://html/body/div[1]/div/div[3]/div/div/div[2]/div/div[2]/div/form/div[2]/button/div'.</msg>
<status status="PASS" starttime="20210908 13:12:49.463" endtime="20210908 13:12:51.798"></status>
</kw>
<kw name="Page Should Contain" library="SeleniumLibrary">
<doc>Verifies that current page contains ``text``.</doc>
<arguments>
<arg>Setup</arg>
</arguments>
<msg timestamp="20210908 13:12:53.879" level="INFO">Current page contains text 'Setup'.</msg>
<status status="PASS" starttime="20210908 13:12:51.798" endtime="20210908 13:12:53.880"></status>
</kw>
<kw name="Click Element" library="SeleniumLibrary">
<doc>Click the element identified by ``locator``.</doc>
<arguments>
<arg>xpath://html/body/div[1]/div/div[3]/div/div/div[2]/div/div[4]/div/div/div[2]/button/div</arg>
</arguments>
<msg timestamp="20210908 13:12:53.882" level="INFO">Clicking element 'xpath://html/body/div[1]/div/div[3]/div/div/div[2]/div/div[4]/div/div/div[2]/button/div'.</msg>
<status status="PASS" starttime="20210908 13:12:53.881" endtime="20210908 13:12:56.187"></status>
</kw>
<status status="PASS" starttime="20210908 13:12:45.074" endtime="20210908 13:12:56.187"></status>
</kw>
<kw name="User Name a dataset">
<kw name="Page Should Contain" library="SeleniumLibrary">
<doc>Verifies that current page contains ``text``.</doc>
<arguments>
<arg>Name your dataset</arg>
</arguments>
<msg timestamp="20210908 13:12:58.294" level="INFO">Current page contains text 'Name your dataset'.</msg>
<status status="PASS" starttime="20210908 13:12:56.191" endtime="20210908 13:12:58.294"></status>
</kw>
<kw name="Input Text" library="SeleniumLibrary">
<doc>Types the given ``text`` into the text field identified by ``locator``.</doc>
<arguments>
<arg>xpath://html/body/div[1]/div/div[3]/div/div/div[2]/div/div[6]/div/form/div[1]/div/div/div[1]/div/div/div[1]/div/input</arg>
<arg>Ebike</arg>
</arguments>
<msg timestamp="20210908 13:12:58.296" level="INFO">Typing text 'Ebike' into text field 'xpath://html/body/div[1]/div/div[3]/div/div/div[2]/div/div[6]/div/form/div[1]/div/div/div[1]/div/div/div[1]/div/input'.</msg>
<status status="PASS" starttime="20210908 13:12:58.295" endtime="20210908 13:13:01.904"></status>
</kw>
<kw name="Input Text" library="SeleniumLibrary">
<doc>Types the given ``text`` into the text field identified by ``locator``.</doc>
<arguments>
<arg>xpath://html/body/div[1]/div/div[3]/div/div/div[2]/div/div[6]/div/form/div[1]/div/div/div[2]/div/div/div[1]/div/textarea</arg>
<arg>Ebike dataset</arg>
</arguments>
<msg timestamp="20210908 13:13:01.907" level="INFO">Typing text 'Ebike dataset' into text field 'xpath://html/body/div[1]/div/div[3]/div/div/div[2]/div/div[6]/div/form/div[1]/div/div/div[2]/div/div/div[1]/div/textarea'.</msg>
<status status="PASS" starttime="20210908 13:13:01.905" endtime="20210908 13:13:05.633"></status>
</kw>
<kw name="Click Element" library="SeleniumLibrary">
<doc>Click the element identified by ``locator``.</doc>
<arguments>
<arg>xpath://html/body/div[1]/div/div[3]/div/div/div[2]/div/div[6]/div/form/div[2]/button/div</arg>
</arguments>
<msg timestamp="20210908 13:13:05.637" level="INFO">Clicking element 'xpath://html/body/div[1]/div/div[3]/div/div/div[2]/div/div[6]/div/form/div[2]/button/div'.</msg>
<status status="PASS" starttime="20210908 13:13:05.635" endtime="20210908 13:13:08.004"></status>
</kw>
<kw name="Wait Until Page Contains" library="SeleniumLibrary">
<doc>Waits until ``text`` appears on the current page.</doc>
<arguments>
<arg>Datasets</arg>
</arguments>
<status status="PASS" starttime="20210908 13:13:08.005" endtime="20210908 13:13:09.040"></status>
</kw>
<status status="PASS" starttime="20210908 13:12:56.189" endtime="20210908 13:13:09.041"></status>
</kw>
<kw name="User starts labelling">
<kw name="Click Element" library="SeleniumLibrary">
<doc>Click the element identified by ``locator``.</doc>
<arguments>
<arg>xpath://*[@id="app"]/div[5]/div[1]/main/div/div/div[2]/div/div[1]/div/div[2]/a/div</arg>
</arguments>
<msg timestamp="20210908 13:13:09.045" level="INFO">Clicking element 'xpath://*[@id="app"]/div[5]/div[1]/main/div/div/div[2]/div/div[1]/div/div[2]/a/div'.</msg>
<status status="PASS" starttime="20210908 13:13:09.044" endtime="20210908 13:13:11.294"></status>
</kw>
<kw name="Sleep" library="BuiltIn">
<doc>Pauses the test executed for the given time.</doc>
<arguments>
<arg>1</arg>
</arguments>
<msg timestamp="20210908 13:13:12.305" level="INFO">Slept 1 second</msg>
<status status="PASS" starttime="20210908 13:13:11.295" endtime="20210908 13:13:12.307"></status>
</kw>
<kw name="Wait Until Page Contains" library="SeleniumLibrary">
<doc>Waits until ``text`` appears on the current page.</doc>
<arguments>
<arg>Set your Task Question</arg>
</arguments>
<status status="PASS" starttime="20210908 13:13:12.308" endtime="20210908 13:13:13.373"></status>
</kw>
<kw name="Input Text" library="SeleniumLibrary">
<doc>Types the given ``text`` into the text field identified by ``locator``.</doc>
<arguments>
<arg>xpath://*[@id="app"]/div[2]/div/div/form/div[1]/div/div/div/div/div/div[1]/div/input</arg>
<arg>how can we check our order</arg>
</arguments>
<msg timestamp="20210908 13:13:13.376" level="INFO">Typing text 'how can we check our order' into text field 'xpath://*[@id="app"]/div[2]/div/div/form/div[1]/div/div/div/div/div/div[1]/div/input'.</msg>
<status status="PASS" starttime="20210908 13:13:13.374" endtime="20210908 13:13:17.043"></status>
</kw>
<kw name="Click Element" library="SeleniumLibrary">
<doc>Click the element identified by ``locator``.</doc>
<arguments>
<arg>xpath://*[@id="app"]/div[2]/div/div/form/div[2]/button/div</arg>
</arguments>
<msg timestamp="20210908 13:13:17.045" level="INFO">Clicking element 'xpath://*[@id="app"]/div[2]/div/div/form/div[2]/button/div'.</msg>
<status status="PASS" starttime="20210908 13:13:17.044" endtime="20210908 13:13:19.506"></status>
</kw>
<kw name="Page Should Contain" library="SeleniumLibrary">
<doc>Verifies that current page contains ``text``.</doc>
<arguments>
<arg>Add a new label</arg>
</arguments>
<msg timestamp="20210908 13:13:21.587" level="INFO">Current page contains text 'Add a new label'.</msg>
<status status="PASS" starttime="20210908 13:13:19.507" endtime="20210908 13:13:21.588"></status>
</kw>
<kw name="Input Text" library="SeleniumLibrary">
<doc>Types the given ``text`` into the text field identified by ``locator``.</doc>
<arguments>
<arg>xpath://*[@id="app"]/div[2]/div/div/form/div[2]/div/div/div[1]/div/div/div[1]/div/input</arg>
<arg>Sales</arg>
</arguments>
<msg timestamp="20210908 13:13:21.590" level="INFO">Typing text 'Sales' into text field 'xpath://*[@id="app"]/div[2]/div/div/form/div[2]/div/div/div[1]/div/div/div[1]/div/input'.</msg>
<status status="PASS" starttime="20210908 13:13:21.589" endtime="20210908 13:13:24.931"></status>
</kw>
<kw name="Click Element" library="SeleniumLibrary">
<doc>Click the element identified by ``locator``.</doc>
<arguments>
<arg>xpath://*[@id="app"]/div[2]/div/div/form/div[3]/button/div</arg>
</arguments>
<msg timestamp="20210908 13:13:24.934" level="INFO">Clicking element 'xpath://*[@id="app"]/div[2]/div/div/form/div[3]/button/div'.</msg>
<status status="PASS" starttime="20210908 13:13:24.933" endtime="20210908 13:13:27.224"></status>
</kw>
<kw name="Input Text" library="SeleniumLibrary">
<doc>Types the given ``text`` into the text field identified by ``locator``.</doc>
<arguments>
<arg>xpath://*[@id="app"]/div[2]/div/div/form/div[1]/div/div/div/div/div/div[1]/div/textarea</arg>
<arg>Order history</arg>
</arguments>
<msg timestamp="20210908 13:13:27.228" level="INFO">Typing text 'Order history' into text field 'xpath://*[@id="app"]/div[2]/div/div/form/div[1]/div/div/div/div/div/div[1]/div/textarea'.</msg>
<status status="PASS" starttime="20210908 13:13:27.225" endtime="20210908 13:13:30.779"></status>
</kw>
<kw name="Click Element" library="SeleniumLibrary">
<doc>Click the element identified by ``locator``.</doc>
<arguments>
<arg>xpath://*[@id="app"]/div[2]/div/div/form/div[2]/button/div</arg>
</arguments>
<msg timestamp="20210908 13:13:30.781" level="INFO">Clicking element 'xpath://*[@id="app"]/div[2]/div/div/form/div[2]/button/div'.</msg>
<status status="PASS" starttime="20210908 13:13:30.780" endtime="20210908 13:13:33.019"></status>
</kw>
<kw name="Page Should Contain" library="SeleniumLibrary">
<doc>Verifies that current page contains ``text``.</doc>
<arguments>
<arg>Added Labels</arg>
</arguments>
<msg timestamp="20210908 13:13:35.068" level="INFO">Current page contains text 'Added Labels'.</msg>
<status status="PASS" starttime="20210908 13:13:33.020" endtime="20210908 13:13:35.069"></status>
</kw>
<kw name="Click Element" library="SeleniumLibrary">
<doc>Click the element identified by ``locator``.</doc>
<arguments>
<arg>xpath://*[@id="app"]/div[1]/div/div/div[3]/a/div/span</arg>
</arguments>
<msg timestamp="20210908 13:13:35.071" level="INFO">Clicking element 'xpath://*[@id="app"]/div[1]/div/div/div[3]/a/div/span'.</msg>
<status status="PASS" starttime="20210908 13:13:35.069" endtime="20210908 13:13:37.365"></status>
</kw>
<kw name="Input Text" library="SeleniumLibrary">
<doc>Types the given ``text`` into the text field identified by ``locator``.</doc>
<arguments>
<arg>xpath://*[@id="app"]/div[2]/div/div/form/div[2]/div/div/div[1]/div/div/div[1]/div/input</arg>
<arg>payment</arg>
</arguments>
<msg timestamp="20210908 13:13:37.366" level="INFO">Typing text 'payment' into text field 'xpath://*[@id="app"]/div[2]/div/div/form/div[2]/div/div/div[1]/div/div/div[1]/div/input'.</msg>
<status status="PASS" starttime="20210908 13:13:37.365" endtime="20210908 13:13:40.810"></status>
</kw>
<kw name="Click Element" library="SeleniumLibrary">
<doc>Click the element identified by ``locator``.</doc>
<arguments>
<arg>xpath://*[@id="app"]/div[2]/div/div/form/div[3]/button/div</arg>
</arguments>
<msg timestamp="20210908 13:13:40.813" level="INFO">Clicking element 'xpath://*[@id="app"]/div[2]/div/div/form/div[3]/button/div'.</msg>
<status status="PASS" starttime="20210908 13:13:40.811" endtime="20210908 13:13:43.098"></status>
</kw>
<kw name="Input Text" library="SeleniumLibrary">
<doc>Types the given ``text`` into the text field identified by ``locator``.</doc>
<arguments>
<arg>xpath://*[@id="app"]/div[2]/div/div/form/div[1]/div/div/div/div/div/div[1]/div/textarea</arg>
<arg>payment history</arg>
</arguments>
<msg timestamp="20210908 13:13:43.098" level="INFO">Typing text 'payment history' into text field 'xpath://*[@id="app"]/div[2]/div/div/form/div[1]/div/div/div/div/div/div[1]/div/textarea'.</msg>
<status status="PASS" starttime="20210908 13:13:43.098" endtime="20210908 13:13:46.719"></status>
</kw>
<kw name="Click Element" library="SeleniumLibrary">
<doc>Click the element identified by ``locator``.</doc>
<arguments>
<arg>xpath://*[@id="app"]/div[2]/div/div/form/div[2]/button/div</arg>
</arguments>
<msg timestamp="20210908 13:13:46.724" level="INFO">Clicking element 'xpath://*[@id="app"]/div[2]/div/div/form/div[2]/button/div'.</msg>
<status status="PASS" starttime="20210908 13:13:46.722" endtime="20210908 13:13:49.006"></status>
</kw>
<kw name="Page Should Contain" library="SeleniumLibrary">
<doc>Verifies that current page contains ``text``.</doc>
<arguments>
<arg>Ebike</arg>
</arguments>
<msg timestamp="20210908 13:13:51.096" level="INFO">Current page contains text 'Ebike'.</msg>
<status status="PASS" starttime="20210908 13:13:49.006" endtime="20210908 13:13:51.097"></status>
</kw>
<kw name="Click Element" library="SeleniumLibrary">
<doc>Click the element identified by ``locator``.</doc>
<arguments>
<arg>xpath://*[@id="app"]/div[1]/div/div/div[1]/div/div/nav/div/a/div/i</arg>
</arguments>
<msg timestamp="20210908 13:13:51.100" level="INFO">Clicking element 'xpath://*[@id="app"]/div[1]/div/div/div[1]/div/div/nav/div/a/div/i'.</msg>
<status status="PASS" starttime="20210908 13:13:51.098" endtime="20210908 13:13:53.404"></status>
</kw>
<kw name="Sleep" library="BuiltIn">
<doc>Pauses the test executed for the given time.</doc>
<arguments>
<arg>2s</arg>
</arguments>
<msg timestamp="20210908 13:13:55.414" level="INFO">Slept 2 seconds</msg>
<status status="PASS" starttime="20210908 13:13:53.404" endtime="20210908 13:13:55.416"></status>
</kw>
<kw name="Click Element" library="SeleniumLibrary">
<doc>Click the element identified by ``locator``.</doc>
<arguments>
<arg>xpath:(//div[@class="v-btn__content"])[3]</arg>
</arguments>
<msg timestamp="20210908 13:13:55.420" level="INFO">Clicking element 'xpath:(//div[@class="v-btn__content"])[3]'.</msg>
<status status="PASS" starttime="20210908 13:13:55.418" endtime="20210908 13:13:57.743"></status>
</kw>
<status status="PASS" starttime="20210908 13:13:09.043" endtime="20210908 13:13:57.746"></status>
</kw>
<kw name="End Web Test" type="teardown">
<kw name="Close Browser" library="SeleniumLibrary">
<doc>Closes the current browser.</doc>
<status status="PASS" starttime="20210908 13:13:57.751" endtime="20210908 13:14:01.033"></status>
</kw>
<status status="PASS" starttime="20210908 13:13:57.748" endtime="20210908 13:14:01.034"></status>
</kw>
<doc>login and upload a dataset</doc>
<tags>
<tag>lt 11</tag>
</tags>
<status status="PASS" starttime="20210908 13:12:30.700" endtime="20210908 13:14:01.037" critical="yes"></status>
</test>
<doc>Test login to labelf, uploading Ebike dataset, Labelling dataset</doc>
<status status="PASS" starttime="20210908 13:12:30.328" endtime="20210908 13:14:01.047"></status>
</suite>
<statistics>
<total>
<stat pass="1" fail="0">Critical Tests</stat>
<stat pass="1" fail="0">All Tests</stat>
</total>
<tag>
<stat pass="1" fail="0">lt 11</stat>
</tag>
<suite>
<stat pass="1" fail="0" id="s1" name="LabellingEbikelabelf">LabellingEbikelabelf</stat>
</suite>
</statistics>
<errors>
</errors>
</robot>
