<?xml version="1.0" encoding="UTF-8"?>
<robot generator="Robot 3.2.2 (Python 3.9.7 on win32)" generated="20210906 12:32:19.534" rpa="false">
<suite id="s1" name="LabellingEbikelabelf" source="C:\cygwin64\home\robot\Tests\LabellingEbikelabelf.robot">
<test id="s1-t1" name="User Login and uploads">
<kw name="Begin Web Test" type="setup">
<kw name="Open Browser" library="SeleniumLibrary">
<doc>Opens a new browser instance to the optional ``url``.</doc>
<arguments>
<arg>about:black</arg>
<arg>${BROWSER}</arg>
</arguments>
<msg timestamp="20210906 12:32:19.887" level="INFO">Opening browser 'chrome' to base url 'about:black'.</msg>
<status status="PASS" starttime="20210906 12:32:19.887" endtime="20210906 12:32:21.763"></status>
</kw>
<kw name="Maximize Browser Window" library="SeleniumLibrary">
<doc>Maximizes current browser window.</doc>
<status status="PASS" starttime="20210906 12:32:21.763" endtime="20210906 12:32:21.891"></status>
</kw>
<kw name="Go To URL">
<kw name="Go To" library="SeleniumLibrary">
<doc>Navigates the current browser window to the provided ``url``.</doc>
<arguments>
<arg>${URL}</arg>
</arguments>
<msg timestamp="20210906 12:32:21.892" level="INFO">Opening url 'https://app.labelf.ai/'</msg>
<status status="PASS" starttime="20210906 12:32:21.891" endtime="20210906 12:32:24.282"></status>
</kw>
<kw name="Verify Page Loaded">
<kw name="Page Should Contain" library="SeleniumLibrary">
<doc>Verifies that current page contains ``text``.</doc>
<arguments>
<arg>Labelf</arg>
</arguments>
<msg timestamp="20210906 12:32:24.315" level="INFO">Current page contains text 'Labelf'.</msg>
<status status="PASS" starttime="20210906 12:32:24.283" endtime="20210906 12:32:24.315"></status>
</kw>
<status status="PASS" starttime="20210906 12:32:24.283" endtime="20210906 12:32:24.316"></status>
</kw>
<status status="PASS" starttime="20210906 12:32:21.891" endtime="20210906 12:32:24.316"></status>
</kw>
<status status="PASS" starttime="20210906 12:32:19.887" endtime="20210906 12:32:24.316"></status>
</kw>
<kw name="When User enters valid email and password">
<kw name="Input Text" library="SeleniumLibrary">
<doc>Types the given ``text`` into the text field identified by ``locator``.</doc>
<arguments>
<arg>xpath://*[@id="app"]/div/main/div/div/div/div/div/div[1]/form/div[1]/div[2]/div[1]/div/input</arg>
<arg>${USERID}</arg>
</arguments>
<msg timestamp="20210906 12:32:24.319" level="INFO">Typing text 'Subhashini.penumatsa@iths.se' into text field 'xpath://*[@id="app"]/div/main/div/div/div/div/div/div[1]/form/div[1]/div[2]/div[1]/div/input'.</msg>
<status status="PASS" starttime="20210906 12:32:24.318" endtime="20210906 12:32:25.018"></status>
</kw>
<kw name="Input Text" library="SeleniumLibrary">
<doc>Types the given ``text`` into the text field identified by ``locator``.</doc>
<arguments>
<arg>xpath://*[@id="password"]</arg>
<arg>${PASSWORD}</arg>
</arguments>
<msg timestamp="20210906 12:32:25.019" level="INFO">Typing text 'test123' into text field 'xpath://*[@id="password"]'.</msg>
<status status="PASS" starttime="20210906 12:32:25.019" endtime="20210906 12:32:25.257"></status>
</kw>
<kw name="Click Button" library="SeleniumLibrary">
<doc>Clicks the button identified by ``locator``.</doc>
<arguments>
<arg>xpath://*[@id="app"]/div/main/div/div/div/div/div/div[2]/button</arg>
</arguments>
<msg timestamp="20210906 12:32:25.258" level="INFO">Clicking button 'xpath://*[@id="app"]/div/main/div/div/div/div/div/div[2]/button'.</msg>
<status status="PASS" starttime="20210906 12:32:25.258" endtime="20210906 12:32:25.349"></status>
</kw>
<kw name="Wait Until Page Does Not Contain" library="SeleniumLibrary">
<doc>Waits until ``text`` disappears from the current page.</doc>
<arguments>
<arg>(login, timeout=None, error=None)</arg>
</arguments>
<status status="PASS" starttime="20210906 12:32:25.349" endtime="20210906 12:32:25.389"></status>
</kw>
<kw name="Set Selenium Speed" library="SeleniumLibrary">
<doc>Sets the delay that is waited after each Selenium command.</doc>
<arguments>
<arg>1</arg>
</arguments>
<status status="PASS" starttime="20210906 12:32:25.389" endtime="20210906 12:32:25.390"></status>
</kw>
<status status="PASS" starttime="20210906 12:32:24.318" endtime="20210906 12:32:25.390"></status>
</kw>
<kw name="Verify Page Loaded">
<kw name="Page Should Contain" library="SeleniumLibrary">
<doc>Verifies that current page contains ``text``.</doc>
<arguments>
<arg>Labelf</arg>
</arguments>
<msg timestamp="20210906 12:32:27.404" level="INFO">Current page contains text 'Labelf'.</msg>
<status status="PASS" starttime="20210906 12:32:25.391" endtime="20210906 12:32:27.405"></status>
</kw>
<status status="PASS" starttime="20210906 12:32:25.391" endtime="20210906 12:32:27.406"></status>
</kw>
<kw name="User adds a new Dataset">
<kw name="Set Selenium Speed" library="SeleniumLibrary">
<doc>Sets the delay that is waited after each Selenium command.</doc>
<arguments>
<arg>1</arg>
</arguments>
<status status="PASS" starttime="20210906 12:32:27.410" endtime="20210906 12:32:27.412"></status>
</kw>
<kw name="Sleep" library="BuiltIn">
<doc>Pauses the test executed for the given time.</doc>
<arguments>
<arg>2s</arg>
</arguments>
<msg timestamp="20210906 12:32:29.414" level="INFO">Slept 2 seconds</msg>
<status status="PASS" starttime="20210906 12:32:27.412" endtime="20210906 12:32:29.415"></status>
</kw>
<kw name="Click Element" library="SeleniumLibrary">
<doc>Click the element identified by ``locator``.</doc>
<arguments>
<arg>xpath://html/body/div[1]/div/div[4]/div[1]/main/div/div/div[1]/a</arg>
</arguments>
<msg timestamp="20210906 12:32:29.416" level="INFO">Clicking element 'xpath://html/body/div[1]/div/div[4]/div[1]/main/div/div/div[1]/a'.</msg>
<status status="PASS" starttime="20210906 12:32:29.415" endtime="20210906 12:32:31.506"></status>
</kw>
<kw name="Page Should Contain" library="SeleniumLibrary">
<doc>Verifies that current page contains ``text``.</doc>
<arguments>
<arg>Add a dataset</arg>
</arguments>
<msg timestamp="20210906 12:32:33.564" level="INFO">Current page contains text 'Add a dataset'.</msg>
<status status="PASS" starttime="20210906 12:32:31.506" endtime="20210906 12:32:33.564"></status>
</kw>
<status status="PASS" starttime="20210906 12:32:27.408" endtime="20210906 12:32:33.564"></status>
</kw>
<kw name="User uploads a dataset">
<kw name="Click Element" library="SeleniumLibrary">
<doc>Click the element identified by ``locator``.</doc>
<arguments>
<arg>xpath://html/body/div[1]/div/div[3]/div/div/div[2]/div/div/div[1]/div/div[2]/button/div</arg>
</arguments>
<msg timestamp="20210906 12:32:33.565" level="INFO">Clicking element 'xpath://html/body/div[1]/div/div[3]/div/div/div[2]/div/div/div[1]/div/div[2]/button/div'.</msg>
<status status="PASS" starttime="20210906 12:32:33.565" endtime="20210906 12:32:35.874"></status>
</kw>
<kw name="Choose File" library="SeleniumLibrary">
<doc>Inputs the ``file_path`` into the file input field ``locator``.</doc>
<arguments>
<arg>//input[@id="fileUpload"]</arg>
<arg>C:/all_1500_rows.csv</arg>
</arguments>
<msg timestamp="20210906 12:32:35.875" level="INFO">Sending C:\all_1500_rows.csv to browser.</msg>
<status status="PASS" starttime="20210906 12:32:35.874" endtime="20210906 12:32:38.008"></status>
</kw>
<kw name="Click Element" library="SeleniumLibrary">
<doc>Click the element identified by ``locator``.</doc>
<arguments>
<arg>xpath://html/body/div[1]/div/div[3]/div/div/div[2]/div/div[2]/div/form/div[2]/button/div</arg>
</arguments>
<msg timestamp="20210906 12:32:38.010" level="INFO">Clicking element 'xpath://html/body/div[1]/div/div[3]/div/div/div[2]/div/div[2]/div/form/div[2]/button/div'.</msg>
<status status="PASS" starttime="20210906 12:32:38.009" endtime="20210906 12:32:40.263"></status>
</kw>
<kw name="Page Should Contain" library="SeleniumLibrary">
<doc>Verifies that current page contains ``text``.</doc>
<arguments>
<arg>Setup</arg>
</arguments>
<msg timestamp="20210906 12:32:42.334" level="INFO">Current page contains text 'Setup'.</msg>
<status status="PASS" starttime="20210906 12:32:40.263" endtime="20210906 12:32:42.335"></status>
</kw>
<kw name="Click Element" library="SeleniumLibrary">
<doc>Click the element identified by ``locator``.</doc>
<arguments>
<arg>xpath://html/body/div[1]/div/div[3]/div/div/div[2]/div/div[4]/div/div/div[2]/button/div</arg>
</arguments>
<msg timestamp="20210906 12:32:42.336" level="INFO">Clicking element 'xpath://html/body/div[1]/div/div[3]/div/div/div[2]/div/div[4]/div/div/div[2]/button/div'.</msg>
<status status="PASS" starttime="20210906 12:32:42.335" endtime="20210906 12:32:44.591"></status>
</kw>
<status status="PASS" starttime="20210906 12:32:33.565" endtime="20210906 12:32:44.592"></status>
</kw>
<kw name="User Name a dataset">
<kw name="Page Should Contain" library="SeleniumLibrary">
<doc>Verifies that current page contains ``text``.</doc>
<arguments>
<arg>Name your dataset</arg>
</arguments>
<msg timestamp="20210906 12:32:46.649" level="INFO">Current page contains text 'Name your dataset'.</msg>
<status status="PASS" starttime="20210906 12:32:44.595" endtime="20210906 12:32:46.649"></status>
</kw>
<kw name="Input Text" library="SeleniumLibrary">
<doc>Types the given ``text`` into the text field identified by ``locator``.</doc>
<arguments>
<arg>xpath://html/body/div[1]/div/div[3]/div/div/div[2]/div/div[6]/div/form/div[1]/div/div/div[1]/div/div/div[1]/div/input</arg>
<arg>Ebike</arg>
</arguments>
<msg timestamp="20210906 12:32:46.651" level="INFO">Typing text 'Ebike' into text field 'xpath://html/body/div[1]/div/div[3]/div/div/div[2]/div/div[6]/div/form/div[1]/div/div/div[1]/div/div/div[1]/div/input'.</msg>
<status status="PASS" starttime="20210906 12:32:46.650" endtime="20210906 12:32:50.178"></status>
</kw>
<kw name="Input Text" library="SeleniumLibrary">
<doc>Types the given ``text`` into the text field identified by ``locator``.</doc>
<arguments>
<arg>xpath://html/body/div[1]/div/div[3]/div/div/div[2]/div/div[6]/div/form/div[1]/div/div/div[2]/div/div/div[1]/div/textarea</arg>
<arg>Ebike dataset</arg>
</arguments>
<msg timestamp="20210906 12:32:50.181" level="INFO">Typing text 'Ebike dataset' into text field 'xpath://html/body/div[1]/div/div[3]/div/div/div[2]/div/div[6]/div/form/div[1]/div/div/div[2]/div/div/div[1]/div/textarea'.</msg>
<status status="PASS" starttime="20210906 12:32:50.179" endtime="20210906 12:32:53.730"></status>
</kw>
<kw name="Click Element" library="SeleniumLibrary">
<doc>Click the element identified by ``locator``.</doc>
<arguments>
<arg>xpath://html/body/div[1]/div/div[3]/div/div/div[2]/div/div[6]/div/form/div[2]/button/div</arg>
</arguments>
<msg timestamp="20210906 12:32:53.732" level="INFO">Clicking element 'xpath://html/body/div[1]/div/div[3]/div/div/div[2]/div/div[6]/div/form/div[2]/button/div'.</msg>
<status status="PASS" starttime="20210906 12:32:53.730" endtime="20210906 12:32:55.974"></status>
</kw>
<kw name="Wait Until Page Contains" library="SeleniumLibrary">
<doc>Waits until ``text`` appears on the current page.</doc>
<arguments>
<arg>Datasets</arg>
</arguments>
<status status="PASS" starttime="20210906 12:32:55.975" endtime="20210906 12:32:57.065"></status>
</kw>
<status status="PASS" starttime="20210906 12:32:44.593" endtime="20210906 12:32:57.067"></status>
</kw>
<kw name="User starts labelling">
<kw name="Click Element" library="SeleniumLibrary">
<doc>Click the element identified by ``locator``.</doc>
<arguments>
<arg>xpath://*[@id="app"]/div[5]/div[1]/main/div/div/div[2]/div/div[1]/div/div[2]/a/div</arg>
</arguments>
<msg timestamp="20210906 12:32:57.072" level="INFO">Clicking element 'xpath://*[@id="app"]/div[5]/div[1]/main/div/div/div[2]/div/div[1]/div/div[2]/a/div'.</msg>
<status status="PASS" starttime="20210906 12:32:57.071" endtime="20210906 12:32:59.274"></status>
</kw>
<kw name="Sleep" library="BuiltIn">
<doc>Pauses the test executed for the given time.</doc>
<arguments>
<arg>1</arg>
</arguments>
<msg timestamp="20210906 12:33:00.286" level="INFO">Slept 1 second</msg>
<status status="PASS" starttime="20210906 12:32:59.275" endtime="20210906 12:33:00.286"></status>
</kw>
<kw name="Wait Until Page Contains" library="SeleniumLibrary">
<doc>Waits until ``text`` appears on the current page.</doc>
<arguments>
<arg>Set your Task Question</arg>
</arguments>
<status status="PASS" starttime="20210906 12:33:00.286" endtime="20210906 12:33:01.330"></status>
</kw>
<kw name="Input Text" library="SeleniumLibrary">
<doc>Types the given ``text`` into the text field identified by ``locator``.</doc>
<arguments>
<arg>xpath://*[@id="app"]/div[2]/div/div/form/div[1]/div/div/div/div/div/div[1]/div/input</arg>
<arg>how can we check our order</arg>
</arguments>
<msg timestamp="20210906 12:33:01.332" level="INFO">Typing text 'how can we check our order' into text field 'xpath://*[@id="app"]/div[2]/div/div/form/div[1]/div/div/div/div/div/div[1]/div/input'.</msg>
<status status="PASS" starttime="20210906 12:33:01.331" endtime="20210906 12:33:04.888"></status>
</kw>
<kw name="Click Element" library="SeleniumLibrary">
<doc>Click the element identified by ``locator``.</doc>
<arguments>
<arg>xpath://*[@id="app"]/div[2]/div/div/form/div[2]/button/div</arg>
</arguments>
<msg timestamp="20210906 12:33:04.891" level="INFO">Clicking element 'xpath://*[@id="app"]/div[2]/div/div/form/div[2]/button/div'.</msg>
<status status="PASS" starttime="20210906 12:33:04.889" endtime="20210906 12:33:07.172"></status>
</kw>
<kw name="Page Should Contain" library="SeleniumLibrary">
<doc>Verifies that current page contains ``text``.</doc>
<arguments>
<arg>Add a new label</arg>
</arguments>
<msg timestamp="20210906 12:33:09.264" level="INFO">Current page contains text 'Add a new label'.</msg>
<status status="PASS" starttime="20210906 12:33:07.173" endtime="20210906 12:33:09.264"></status>
</kw>
<kw name="Input Text" library="SeleniumLibrary">
<doc>Types the given ``text`` into the text field identified by ``locator``.</doc>
<arguments>
<arg>xpath://*[@id="app"]/div[2]/div/div/form/div[2]/div/div/div[1]/div/div/div[1]/div/input</arg>
<arg>Sales</arg>
</arguments>
<msg timestamp="20210906 12:33:09.265" level="INFO">Typing text 'Sales' into text field 'xpath://*[@id="app"]/div[2]/div/div/form/div[2]/div/div/div[1]/div/div/div[1]/div/input'.</msg>
<status status="PASS" starttime="20210906 12:33:09.265" endtime="20210906 12:33:12.629"></status>
</kw>
<kw name="Click Element" library="SeleniumLibrary">
<doc>Click the element identified by ``locator``.</doc>
<arguments>
<arg>xpath://*[@id="app"]/div[2]/div/div/form/div[3]/button/div</arg>
</arguments>
<msg timestamp="20210906 12:33:12.630" level="INFO">Clicking element 'xpath://*[@id="app"]/div[2]/div/div/form/div[3]/button/div'.</msg>
<status status="PASS" starttime="20210906 12:33:12.629" endtime="20210906 12:33:14.843"></status>
</kw>
<kw name="Input Text" library="SeleniumLibrary">
<doc>Types the given ``text`` into the text field identified by ``locator``.</doc>
<arguments>
<arg>xpath://*[@id="app"]/div[2]/div/div/form/div[1]/div/div/div/div/div/div[1]/div/textarea</arg>
<arg>Order history</arg>
</arguments>
<msg timestamp="20210906 12:33:14.844" level="INFO">Typing text 'Order history' into text field 'xpath://*[@id="app"]/div[2]/div/div/form/div[1]/div/div/div/div/div/div[1]/div/textarea'.</msg>
<status status="PASS" starttime="20210906 12:33:14.844" endtime="20210906 12:33:18.276"></status>
</kw>
<kw name="Click Element" library="SeleniumLibrary">
<doc>Click the element identified by ``locator``.</doc>
<arguments>
<arg>xpath://*[@id="app"]/div[2]/div/div/form/div[2]/button/div</arg>
</arguments>
<msg timestamp="20210906 12:33:18.278" level="INFO">Clicking element 'xpath://*[@id="app"]/div[2]/div/div/form/div[2]/button/div'.</msg>
<status status="PASS" starttime="20210906 12:33:18.277" endtime="20210906 12:33:20.495"></status>
</kw>
<kw name="Page Should Contain" library="SeleniumLibrary">
<doc>Verifies that current page contains ``text``.</doc>
<arguments>
<arg>Added Labels</arg>
</arguments>
<msg timestamp="20210906 12:33:22.530" level="INFO">Current page contains text 'Added Labels'.</msg>
<status status="PASS" starttime="20210906 12:33:20.495" endtime="20210906 12:33:22.531"></status>
</kw>
<kw name="Click Element" library="SeleniumLibrary">
<doc>Click the element identified by ``locator``.</doc>
<arguments>
<arg>xpath://*[@id="app"]/div[1]/div/div/div[3]/a/div/span</arg>
</arguments>
<msg timestamp="20210906 12:33:22.532" level="INFO">Clicking element 'xpath://*[@id="app"]/div[1]/div/div/div[3]/a/div/span'.</msg>
<status status="PASS" starttime="20210906 12:33:22.531" endtime="20210906 12:33:24.771"></status>
</kw>
<kw name="Input Text" library="SeleniumLibrary">
<doc>Types the given ``text`` into the text field identified by ``locator``.</doc>
<arguments>
<arg>xpath://*[@id="app"]/div[2]/div/div/form/div[2]/div/div/div[1]/div/div/div[1]/div/input</arg>
<arg>payment</arg>
</arguments>
<msg timestamp="20210906 12:33:24.772" level="INFO">Typing text 'payment' into text field 'xpath://*[@id="app"]/div[2]/div/div/form/div[2]/div/div/div[1]/div/div/div[1]/div/input'.</msg>
<status status="PASS" starttime="20210906 12:33:24.771" endtime="20210906 12:33:28.168"></status>
</kw>
<kw name="Click Element" library="SeleniumLibrary">
<doc>Click the element identified by ``locator``.</doc>
<arguments>
<arg>xpath://*[@id="app"]/div[2]/div/div/form/div[3]/button/div</arg>
</arguments>
<msg timestamp="20210906 12:33:28.171" level="INFO">Clicking element 'xpath://*[@id="app"]/div[2]/div/div/form/div[3]/button/div'.</msg>
<status status="PASS" starttime="20210906 12:33:28.170" endtime="20210906 12:33:30.381"></status>
</kw>
<kw name="Input Text" library="SeleniumLibrary">
<doc>Types the given ``text`` into the text field identified by ``locator``.</doc>
<arguments>
<arg>xpath://*[@id="app"]/div[2]/div/div/form/div[1]/div/div/div/div/div/div[1]/div/textarea</arg>
<arg>payment history</arg>
</arguments>
<msg timestamp="20210906 12:33:30.382" level="INFO">Typing text 'payment history' into text field 'xpath://*[@id="app"]/div[2]/div/div/form/div[1]/div/div/div/div/div/div[1]/div/textarea'.</msg>
<status status="PASS" starttime="20210906 12:33:30.381" endtime="20210906 12:33:33.805"></status>
</kw>
<kw name="Click Element" library="SeleniumLibrary">
<doc>Click the element identified by ``locator``.</doc>
<arguments>
<arg>xpath://*[@id="app"]/div[2]/div/div/form/div[2]/button/div</arg>
</arguments>
<msg timestamp="20210906 12:33:33.807" level="INFO">Clicking element 'xpath://*[@id="app"]/div[2]/div/div/form/div[2]/button/div'.</msg>
<status status="PASS" starttime="20210906 12:33:33.806" endtime="20210906 12:33:36.006"></status>
</kw>
<kw name="Page Should Contain" library="SeleniumLibrary">
<doc>Verifies that current page contains ``text``.</doc>
<arguments>
<arg>Ebike</arg>
</arguments>
<msg timestamp="20210906 12:33:38.081" level="INFO">Current page contains text 'Ebike'.</msg>
<status status="PASS" starttime="20210906 12:33:36.007" endtime="20210906 12:33:38.081"></status>
</kw>
<status status="PASS" starttime="20210906 12:32:57.070" endtime="20210906 12:33:38.082"></status>
</kw>
<kw name="End Web Test" type="teardown">
<kw name="Close Browser" library="SeleniumLibrary">
<doc>Closes the current browser.</doc>
<status status="PASS" starttime="20210906 12:33:38.085" endtime="20210906 12:33:41.285"></status>
</kw>
<status status="PASS" starttime="20210906 12:33:38.084" endtime="20210906 12:33:41.285"></status>
</kw>
<doc>login and upload a dataset</doc>
<tags>
<tag>lt 11</tag>
</tags>
<status status="PASS" starttime="20210906 12:32:19.886" endtime="20210906 12:33:41.285" critical="yes"></status>
</test>
<doc>Test login to labelf, uploading Ebike dataset, Labelling dataset</doc>
<status status="PASS" starttime="20210906 12:32:19.542" endtime="20210906 12:33:41.288"></status>
</suite>
<statistics>
<total>
<stat pass="1" fail="0">Critical Tests</stat>
<stat pass="1" fail="0">All Tests</stat>
</total>
<tag>
<stat pass="1" fail="0">lt 11</stat>
</tag>
<suite>
<stat pass="1" fail="0" id="s1" name="LabellingEbikelabelf">LabellingEbikelabelf</stat>
</suite>
</statistics>
<errors>
</errors>
</robot>
